<?xml version="1.0" encoding="UTF-8"?>
<!-- Generated by org.testng.reporters.JUnitReportReporter -->
<testsuite hostname="DESKTOP-BMV8G51" failures="0" tests="1" name="com.testNG.Assignment13_2" time="16.588" errors="0" timestamp="2025-03-13T11:30:28 GMT" skipped="0">
  <testcase classname="com.testNG.Assignment13_2" name="f" time="16.588"/>
</testsuite> <!-- com.testNG.Assignment13_2 -->
