<?xml version="1.0" encoding="UTF-8"?>
<!-- Generated by org.testng.reporters.JUnitReportReporter -->
<testsuite hostname="DESKTOP-BMV8G51" failures="0" tests="1" name="com.testNG.NewTest" time="0.018" errors="0" timestamp="2025-03-11T11:25:46 GMT" skipped="0">
  <testcase classname="com.testNG.NewTest" name="f" time="0.018"/>
</testsuite> <!-- com.testNG.NewTest -->
