<?xml version="1.0" encoding="UTF-8"?>
<!-- Generated by org.testng.reporters.JUnitReportReporter -->
<testsuite hostname="DESKTOP-BMV8G51" failures="0" tests="1" name="com.testNG.Assignment_Test_1" time="7.676" errors="0" timestamp="2025-03-14T11:34:37 GMT" skipped="0">
  <testcase classname="com.testNG.Assignment_Test_1" name="f" time="7.676"/>
</testsuite> <!-- com.testNG.Assignment_Test_1 -->
